<?xml version="1.0" encoding="UTF-8" ?>
<testsuites name="vitest tests" tests="12" failures="2" errors="0" time="0.306">
    <testsuite name="vitest-example/tests/numberUtils.spec.js" timestamp="2024-11-20T02:47:02.562Z" hostname="Miguels-Laptop.local" tests="6" failures="0" errors="0" skipped="0" time="0.003190458">
        <testcase classname="vitest-example/tests/numberUtils.spec.js" name="calculateAverage &gt; calculates average of positive numbers" time="0.001560375">
        </testcase>
        <testcase classname="vitest-example/tests/numberUtils.spec.js" name="calculateAverage &gt; handles array with single number" time="0.000205292">
        </testcase>
        <testcase classname="vitest-example/tests/numberUtils.spec.js" name="calculateAverage &gt; handles empty array" time="0.000096167">
        </testcase>
        <testcase classname="vitest-example/tests/numberUtils.spec.js" name="calculateAverage &gt; handles negative numbers" time="0.000089292">
        </testcase>
        <testcase classname="vitest-example/tests/numberUtils.spec.js" name="calculateAverage &gt; handles decimal numbers" time="0.00022425">
        </testcase>
        <testcase classname="vitest-example/tests/numberUtils.spec.js" name="calculateAverage &gt; returns 0 for invalid input" time="0.000091958">
        </testcase>
    </testsuite>
    <testsuite name="vitest-example/tests/stringUtils.spec.js" timestamp="2024-11-20T02:47:02.564Z" hostname="Miguels-Laptop.local" tests="6" failures="2" errors="0" skipped="0" time="0.008223417">
        <testcase classname="vitest-example/tests/stringUtils.spec.js" name="capitalizeWords &gt; capitalizes first letter of each word" time="0.00153475">
        </testcase>
        <testcase classname="vitest-example/tests/stringUtils.spec.js" name="capitalizeWords &gt; handles already capitalized words" time="0.000207583">
        </testcase>
        <testcase classname="vitest-example/tests/stringUtils.spec.js" name="capitalizeWords &gt; handles empty string" time="0.000095292">
        </testcase>
        <testcase classname="vitest-example/tests/stringUtils.spec.js" name="capitalizeWords &gt; handles single word" time="0.000091708">
        </testcase>
        <testcase classname="vitest-example/tests/stringUtils.spec.js" name="capitalizeWords &gt; handles mixed case input" time="0.004720584">
            <failure message="expected &apos;Hello World&apos; to be &apos;Hello World!&apos; // Object.is equality" type="AssertionError">
AssertionError: expected &apos;Hello World&apos; to be &apos;Hello World!&apos; // Object.is equality

Expected: &quot;Hello World!&quot;
Received: &quot;Hello World&quot;

 ❯ vitest-example/tests/stringUtils.spec.js:22:44
            </failure>
        </testcase>
        <testcase classname="vitest-example/tests/stringUtils.spec.js" name="capitalizeWords &gt; errors on number received" time="0.000677291">
            <failure message="str.split is not a function" type="TypeError">
TypeError: str.split is not a function
 ❯ Module.capitalizeWords vitest-example/stringUtils.js:4:6
 ❯ vitest-example/tests/stringUtils.spec.js:26:12
            </failure>
        </testcase>
    </testsuite>
</testsuites>
