<?xml version="1.0" encoding="UTF-8" ?>
<testsuites name="vitest tests" tests="12" failures="2" errors="0" time="0.397">
    <testsuite name="vitest-example/tests/numberUtils.spec.js" timestamp="2024-11-20T15:40:20.746Z" hostname="Miguels-Laptop.local" tests="6" failures="0" errors="0" skipped="0" time="0.0022709579">
        <testcase classname="vitest-example/tests/numberUtils.spec.js" name="calculateAverage &gt; calculates average of positive numbers" time="0.0009692917">
        </testcase>
        <testcase classname="vitest-example/tests/numberUtils.spec.js" name="calculateAverage &gt; handles array with single number" time="0.0001641254">
        </testcase>
        <testcase classname="vitest-example/tests/numberUtils.spec.js" name="calculateAverage &gt; handles empty array" time="0.00012675">
        </testcase>
        <testcase classname="vitest-example/tests/numberUtils.spec.js" name="calculateAverage &gt; handles negative numbers" time="0.0000724592">
        </testcase>
        <testcase classname="vitest-example/tests/numberUtils.spec.js" name="calculateAverage &gt; handles decimal numbers" time="0.000227417">
        </testcase>
        <testcase classname="vitest-example/tests/numberUtils.spec.js" name="calculateAverage &gt; returns 0 for invalid input" time="0.0000796661">
        </testcase>
    </testsuite>
    <testsuite name="vitest-example/tests/stringUtils.spec.js" timestamp="2024-11-20T15:40:20.748Z" hostname="Miguels-Laptop.local" tests="6" failures="2" errors="0" skipped="0" time="0.005828125">
        <testcase classname="vitest-example/tests/stringUtils.spec.js" name="capitalizeWords &gt; capitalizes first letter of each word" time="0.0008376656">
        </testcase>
        <testcase classname="vitest-example/tests/stringUtils.spec.js" name="capitalizeWords &gt; handles already capitalized words" time="0.000222208">
        </testcase>
        <testcase classname="vitest-example/tests/stringUtils.spec.js" name="capitalizeWords &gt; handles empty string" time="0.000078042">
        </testcase>
        <testcase classname="vitest-example/tests/stringUtils.spec.js" name="capitalizeWords &gt; handles single word" time="0.0000717506">
        </testcase>
        <testcase classname="vitest-example/tests/stringUtils.spec.js" name="capitalizeWords &gt; handles mixed case input" time="0.0034179993">
            <failure message="expected &apos;Hello World&apos; to be &apos;Hello World!&apos; // Object.is equality" type="AssertionError">
AssertionError: expected &apos;Hello World&apos; to be &apos;Hello World!&apos; // Object.is equality

Expected: &quot;Hello World!&quot;
Received: &quot;Hello World&quot;

 ❯ vitest-example/tests/stringUtils.spec.js:22:44
            </failure>
        </testcase>
        <testcase classname="vitest-example/tests/stringUtils.spec.js" name="capitalizeWords &gt; errors on number received" time="0.0005700846">
            <failure message="str.split is not a function" type="TypeError">
TypeError: str.split is not a function
 ❯ Module.capitalizeWords vitest-example/stringUtils.js:4:6
 ❯ vitest-example/tests/stringUtils.spec.js:26:12
            </failure>
        </testcase>
    </testsuite>
</testsuites>
